E:\CODE\VS2010\60229_MTT_V0.7A\60209_MTT_V0.4A\DEBUG\COMPRESSIVETRACKER.OBJ
E:\CODE\VS2010\60229_MTT_V0.7A\60209_MTT_V0.4A\DEBUG\CONDENS.OBJ
E:\CODE\VS2010\60229_MTT_V0.7A\60209_MTT_V0.4A\DEBUG\CONFIG.OBJ
E:\CODE\VS2010\60229_MTT_V0.7A\60209_MTT_V0.4A\DEBUG\COOPERATIVELOCALIZATION.OBJ
E:\CODE\VS2010\60229_MTT_V0.7A\60209_MTT_V0.4A\DEBUG\COOPLOCATIONWIDGET.OBJ
E:\CODE\VS2010\60229_MTT_V0.7A\60209_MTT_V0.4A\DEBUG\COOPLOCATOINPROCESSOR.OBJ
E:\CODE\VS2010\60229_MTT_V0.7A\60209_MTT_V0.4A\DEBUG\DATAASSOCIATION.OBJ
E:\CODE\VS2010\60229_MTT_V0.7A\60209_MTT_V0.4A\DEBUG\DRAWRECTWND.OBJ
E:\CODE\VS2010\60229_MTT_V0.7A\60209_MTT_V0.4A\DEBUG\FEATURES.OBJ
E:\CODE\VS2010\60229_MTT_V0.7A\60209_MTT_V0.4A\DEBUG\FHOG.OBJ
E:\CODE\VS2010\60229_MTT_V0.7A\60209_MTT_V0.4A\DEBUG\FILTER.OBJ
E:\CODE\VS2010\60229_MTT_V0.7A\60209_MTT_V0.4A\DEBUG\FRAMECALIBRATION.OBJ
E:\CODE\VS2010\60229_MTT_V0.7A\60209_MTT_V0.4A\DEBUG\FRAMEPREPROCESS.OBJ
E:\CODE\VS2010\60229_MTT_V0.7A\60209_MTT_V0.4A\DEBUG\GETTARGETPOSITION.OBJ
E:\CODE\VS2010\60229_MTT_V0.7A\60209_MTT_V0.4A\DEBUG\GETUAVPOSE.OBJ
E:\CODE\VS2010\60229_MTT_V0.7A\60209_MTT_V0.4A\DEBUG\GRAPHUTILS.OBJ
E:\CODE\VS2010\60229_MTT_V0.7A\60209_MTT_V0.4A\DEBUG\HAARFEATURE.OBJ
E:\CODE\VS2010\60229_MTT_V0.7A\60209_MTT_V0.4A\DEBUG\HAARFEATURES.OBJ
E:\CODE\VS2010\60229_MTT_V0.7A\60209_MTT_V0.4A\DEBUG\HIST.OBJ
E:\CODE\VS2010\60229_MTT_V0.7A\60209_MTT_V0.4A\DEBUG\HISTOGRAMFEATURES.OBJ
E:\CODE\VS2010\60229_MTT_V0.7A\60209_MTT_V0.4A\DEBUG\HUNGARIANALG.OBJ
E:\CODE\VS2010\60229_MTT_V0.7A\60209_MTT_V0.4A\DEBUG\IMAGEREP.OBJ
E:\CODE\VS2010\60229_MTT_V0.7A\60209_MTT_V0.4A\DEBUG\KALMAN.OBJ
E:\CODE\VS2010\60229_MTT_V0.7A\60209_MTT_V0.4A\DEBUG\KCFTRACKER.OBJ
E:\CODE\VS2010\60229_MTT_V0.7A\60209_MTT_V0.4A\DEBUG\LARANK.OBJ
E:\CODE\VS2010\60229_MTT_V0.7A\60209_MTT_V0.4A\DEBUG\LBP.OBJ
E:\CODE\VS2010\60229_MTT_V0.7A\60209_MTT_V0.4A\DEBUG\MAIN.OBJ
E:\CODE\VS2010\60229_MTT_V0.7A\60209_MTT_V0.4A\DEBUG\MAINWINDOW.OBJ
E:\CODE\VS2010\60229_MTT_V0.7A\60209_MTT_V0.4A\DEBUG\MAT2QIMAGE.OBJ
E:\CODE\VS2010\60229_MTT_V0.7A\60209_MTT_V0.4A\DEBUG\MOC_COOPLOCATIONWIDGET.OBJ
E:\CODE\VS2010\60229_MTT_V0.7A\60209_MTT_V0.4A\DEBUG\MOC_COOPLOCATOINPROCESSOR.OBJ
E:\CODE\VS2010\60229_MTT_V0.7A\60209_MTT_V0.4A\DEBUG\MOC_DRAWRECTWND.OBJ
E:\CODE\VS2010\60229_MTT_V0.7A\60209_MTT_V0.4A\DEBUG\MOC_MAINWINDOW.OBJ
E:\CODE\VS2010\60229_MTT_V0.7A\60209_MTT_V0.4A\DEBUG\MOC_MOTIONDETECTIONWIDGET.OBJ
E:\CODE\VS2010\60229_MTT_V0.7A\60209_MTT_V0.4A\DEBUG\MOC_MULTITRACKINGWIDGET.OBJ
E:\CODE\VS2010\60229_MTT_V0.7A\60209_MTT_V0.4A\DEBUG\MOC_PARAMWIDGET.OBJ
E:\CODE\VS2010\60229_MTT_V0.7A\60209_MTT_V0.4A\DEBUG\MOC_QMAPVIEW.OBJ
E:\CODE\VS2010\60229_MTT_V0.7A\60209_MTT_V0.4A\DEBUG\MOC_QSHOWLABEL.OBJ
E:\CODE\VS2010\60229_MTT_V0.7A\60209_MTT_V0.4A\DEBUG\MOC_QVIDEOPROCESSOR.OBJ
E:\CODE\VS2010\60229_MTT_V0.7A\60209_MTT_V0.4A\DEBUG\MOC_TARGETLOCATIONWIDGET.OBJ
E:\CODE\VS2010\60229_MTT_V0.7A\60209_MTT_V0.4A\DEBUG\MOC_TARGETRECOGNITIONWIDGET.OBJ
E:\CODE\VS2010\60229_MTT_V0.7A\60209_MTT_V0.4A\DEBUG\MOC_TARGETTRACKINGWIDGET.OBJ
E:\CODE\VS2010\60229_MTT_V0.7A\60209_MTT_V0.4A\DEBUG\MONOLOCATIONPROCESSOR.OBJ
E:\CODE\VS2010\60229_MTT_V0.7A\60209_MTT_V0.4A\DEBUG\MOTIONDETECT.OBJ
E:\CODE\VS2010\60229_MTT_V0.7A\60209_MTT_V0.4A\DEBUG\MOTIONDETECTIONPROCESSOR.OBJ
E:\CODE\VS2010\60229_MTT_V0.7A\60209_MTT_V0.4A\DEBUG\MOTIONDETECTIONWIDGET.OBJ
E:\CODE\VS2010\60229_MTT_V0.7A\60209_MTT_V0.4A\DEBUG\MTT_V0.7A.EXE.INTERMEDIATE.MANIFEST
E:\CODE\VS2010\60229_MTT_V0.7A\60209_MTT_V0.4A\DEBUG\MULTIFEATURES.OBJ
E:\CODE\VS2010\60229_MTT_V0.7A\60209_MTT_V0.4A\DEBUG\MULTITARGETTRACKER.OBJ
E:\CODE\VS2010\60229_MTT_V0.7A\60209_MTT_V0.4A\DEBUG\MULTITRACKINGPROCESSOR.OBJ
E:\CODE\VS2010\60229_MTT_V0.7A\60209_MTT_V0.4A\DEBUG\MULTITRACKINGWIDGET.OBJ
E:\CODE\VS2010\60229_MTT_V0.7A\60209_MTT_V0.4A\DEBUG\MYDETECTOR.OBJ
E:\CODE\VS2010\60229_MTT_V0.7A\60209_MTT_V0.4A\DEBUG\MYHASH.OBJ
E:\CODE\VS2010\60229_MTT_V0.7A\60209_MTT_V0.4A\DEBUG\MYKCFTRACKER.OBJ
E:\CODE\VS2010\60229_MTT_V0.7A\60209_MTT_V0.4A\DEBUG\MYMD.OBJ
E:\CODE\VS2010\60229_MTT_V0.7A\60209_MTT_V0.4A\DEBUG\MYPARTICLEFILTER.OBJ
E:\CODE\VS2010\60229_MTT_V0.7A\60209_MTT_V0.4A\DEBUG\MYSTCTRACKER.OBJ
E:\CODE\VS2010\60229_MTT_V0.7A\60209_MTT_V0.4A\DEBUG\MYSTRUCK.OBJ
E:\CODE\VS2010\60229_MTT_V0.7A\60209_MTT_V0.4A\DEBUG\MYTRACKER.OBJ
E:\CODE\VS2010\60229_MTT_V0.7A\60209_MTT_V0.4A\DEBUG\MYUAVVO.OBJ
E:\CODE\VS2010\60229_MTT_V0.7A\60209_MTT_V0.4A\DEBUG\PARAMWIDGET.OBJ
E:\CODE\VS2010\60229_MTT_V0.7A\60209_MTT_V0.4A\DEBUG\QMAPVIEW.OBJ
E:\CODE\VS2010\60229_MTT_V0.7A\60209_MTT_V0.4A\DEBUG\QRC_MAINWINDOW.OBJ
E:\CODE\VS2010\60229_MTT_V0.7A\60209_MTT_V0.4A\DEBUG\QSHOWLABEL.OBJ
E:\CODE\VS2010\60229_MTT_V0.7A\60209_MTT_V0.4A\DEBUG\QVIDEOPROCESSOR.OBJ
E:\CODE\VS2010\60229_MTT_V0.7A\60209_MTT_V0.4A\DEBUG\RAWFEATURES.OBJ
E:\CODE\VS2010\60229_MTT_V0.7A\60209_MTT_V0.4A\DEBUG\SAMPLER.OBJ
E:\CODE\VS2010\60229_MTT_V0.7A\60209_MTT_V0.4A\DEBUG\SELECTOR.OBJ
E:\CODE\VS2010\60229_MTT_V0.7A\60209_MTT_V0.4A\DEBUG\TARGETLOCATIONWIDGET.OBJ
E:\CODE\VS2010\60229_MTT_V0.7A\60209_MTT_V0.4A\DEBUG\TARGETRECOGNITIONWIDGET.OBJ
E:\CODE\VS2010\60229_MTT_V0.7A\60209_MTT_V0.4A\DEBUG\TARGETRECONGNITIONPROCESSOR.OBJ
E:\CODE\VS2010\60229_MTT_V0.7A\60209_MTT_V0.4A\DEBUG\TARGETTRACKINGWIDGET.OBJ
E:\CODE\VS2010\60229_MTT_V0.7A\60209_MTT_V0.4A\DEBUG\TIMEOFDAY.OBJ
E:\CODE\VS2010\60229_MTT_V0.7A\60209_MTT_V0.4A\DEBUG\TRACKER.OBJ
E:\CODE\VS2010\60229_MTT_V0.7A\60209_MTT_V0.4A\DEBUG\TRACKPROCESSOR.OBJ
E:\CODE\VS2010\60229_MTT_V0.7A\60209_MTT_V0.4A\DEBUG\TRAJECTORYMANAGER.OBJ
E:\CODE\VS2010\60229_MTT_V0.7A\60209_MTT_V0.4A\DEBUG\VC100.PDB
E:\CODE\VS2010\60229_MTT_V0.7A\60209_MTT_V0.4A\DEBUG\VIDEOPROCESSOR.OBJ
E:\CODE\VS2010\60229_MTT_V0.7A\60209_MTT_V0.4A\DEBUG\VISIONLOCALIZATION.OBJ
E:\CODE\VS2010\60229_MTT_V0.7A\60209_MTT_V0.4A\GENERATEDFILES\DEBUG\MOC_COOPLOCATIONWIDGET.CPP
E:\CODE\VS2010\60229_MTT_V0.7A\60209_MTT_V0.4A\GENERATEDFILES\DEBUG\MOC_COOPLOCATOINPROCESSOR.CPP
E:\CODE\VS2010\60229_MTT_V0.7A\60209_MTT_V0.4A\GENERATEDFILES\DEBUG\MOC_DRAWRECTWND.CPP
E:\CODE\VS2010\60229_MTT_V0.7A\60209_MTT_V0.4A\GENERATEDFILES\DEBUG\MOC_MAINWINDOW.CPP
E:\CODE\VS2010\60229_MTT_V0.7A\60209_MTT_V0.4A\GENERATEDFILES\DEBUG\MOC_MOTIONDETECTIONWIDGET.CPP
E:\CODE\VS2010\60229_MTT_V0.7A\60209_MTT_V0.4A\GENERATEDFILES\DEBUG\MOC_MULTITRACKINGWIDGET.CPP
E:\CODE\VS2010\60229_MTT_V0.7A\60209_MTT_V0.4A\GENERATEDFILES\DEBUG\MOC_PARAMWIDGET.CPP
E:\CODE\VS2010\60229_MTT_V0.7A\60209_MTT_V0.4A\GENERATEDFILES\DEBUG\MOC_QMAPVIEW.CPP
E:\CODE\VS2010\60229_MTT_V0.7A\60209_MTT_V0.4A\GENERATEDFILES\DEBUG\MOC_QSHOWLABEL.CPP
E:\CODE\VS2010\60229_MTT_V0.7A\60209_MTT_V0.4A\GENERATEDFILES\DEBUG\MOC_QVIDEOPROCESSOR.CPP
E:\CODE\VS2010\60229_MTT_V0.7A\60209_MTT_V0.4A\GENERATEDFILES\DEBUG\MOC_TARGETLOCATIONWIDGET.CPP
E:\CODE\VS2010\60229_MTT_V0.7A\60209_MTT_V0.4A\GENERATEDFILES\DEBUG\MOC_TARGETRECOGNITIONWIDGET.CPP
E:\CODE\VS2010\60229_MTT_V0.7A\60209_MTT_V0.4A\GENERATEDFILES\DEBUG\MOC_TARGETTRACKINGWIDGET.CPP
E:\CODE\VS2010\60229_MTT_V0.7A\60209_MTT_V0.4A\GENERATEDFILES\QRC_MAINWINDOW.CPP
E:\CODE\VS2010\60229_MTT_V0.7A\60209_MTT_V0.4A\GENERATEDFILES\UI_COOPLOCATIONWIDGET.H
E:\CODE\VS2010\60229_MTT_V0.7A\60209_MTT_V0.4A\GENERATEDFILES\UI_DRAWRECTWND.H
E:\CODE\VS2010\60229_MTT_V0.7A\60209_MTT_V0.4A\GENERATEDFILES\UI_MAINWINDOW.H
E:\CODE\VS2010\60229_MTT_V0.7A\60209_MTT_V0.4A\GENERATEDFILES\UI_MOTIONDETECTIONWIDGET.H
E:\CODE\VS2010\60229_MTT_V0.7A\60209_MTT_V0.4A\GENERATEDFILES\UI_MULTITRACKINGWIDGET.H
E:\CODE\VS2010\60229_MTT_V0.7A\60209_MTT_V0.4A\GENERATEDFILES\UI_PARAMWIDGET.H
E:\CODE\VS2010\60229_MTT_V0.7A\60209_MTT_V0.4A\GENERATEDFILES\UI_TARGETLOCATIONWIDGET.H
E:\CODE\VS2010\60229_MTT_V0.7A\60209_MTT_V0.4A\GENERATEDFILES\UI_TARGETRECOGNITIONWIDGET.H
E:\CODE\VS2010\60229_MTT_V0.7A\60209_MTT_V0.4A\GENERATEDFILES\UI_TARGETTRACKINGWIDGET.H
E:\CODE\VS2010\60229_MTT_V0.7A\WIN32\DEBUG\MTT_V0.7A.EXE
E:\CODE\VS2010\60229_MTT_V0.7A\WIN32\DEBUG\MTT_V0.7A.ILK
E:\CODE\VS2010\60229_MTT_V0.7A\WIN32\DEBUG\MTT_V0.7A.PDB
E:\code\VS2010\60229_MTT_V0.8a\60209_MTT_V0.4a\Debug\60209_MTT_V0.vcxprojResolveAssemblyReference.cache
E:\code\VS2010\60229_MTT_V0.8a\60209_MTT_V0.4a\Debug\cl.command.1.tlog
E:\code\VS2010\60229_MTT_V0.8a\60209_MTT_V0.4a\Debug\CL.read.1.tlog
E:\code\VS2010\60229_MTT_V0.8a\60209_MTT_V0.4a\Debug\CL.write.1.tlog
E:\code\VS2010\60229_MTT_V0.8a\60209_MTT_V0.4a\Debug\CompressiveTracker.obj
E:\code\VS2010\60229_MTT_V0.8a\60209_MTT_V0.4a\Debug\condens.obj
E:\code\VS2010\60229_MTT_V0.8a\60209_MTT_V0.4a\Debug\Config.obj
E:\CODE\VS2010\60229_MTT_V0.8A\60209_MTT_V0.4A\DEBUG\COOPERATIVELOCALIZATION.OBJ
E:\CODE\VS2010\60229_MTT_V0.8A\60209_MTT_V0.4A\DEBUG\COOPLOCATIONWIDGET.OBJ
E:\CODE\VS2010\60229_MTT_V0.8A\60209_MTT_V0.4A\DEBUG\COOPLOCATOINPROCESSOR.OBJ
E:\code\VS2010\60229_MTT_V0.8a\60209_MTT_V0.4a\Debug\custombuild.command.1.tlog
E:\code\VS2010\60229_MTT_V0.8a\60209_MTT_V0.4a\Debug\custombuild.read.1.tlog
E:\code\VS2010\60229_MTT_V0.8a\60209_MTT_V0.4a\Debug\custombuild.write.1.tlog
E:\CODE\VS2010\60229_MTT_V0.8A\60209_MTT_V0.4A\DEBUG\DATAASSOCIATION.OBJ
E:\code\VS2010\60229_MTT_V0.8a\60209_MTT_V0.4a\Debug\drawrectwnd.obj
E:\code\VS2010\60229_MTT_V0.8a\60209_MTT_V0.4a\Debug\Features.obj
E:\code\VS2010\60229_MTT_V0.8a\60209_MTT_V0.4a\Debug\fhog.obj
E:\code\VS2010\60229_MTT_V0.8a\60209_MTT_V0.4a\Debug\filter.obj
E:\code\VS2010\60229_MTT_V0.8a\60209_MTT_V0.4a\Debug\FrameCalibration.obj
E:\code\VS2010\60229_MTT_V0.8a\60209_MTT_V0.4a\Debug\FramePreprocess.obj
E:\code\VS2010\60229_MTT_V0.8a\60209_MTT_V0.4a\Debug\GetTargetPosition.obj
E:\code\VS2010\60229_MTT_V0.8a\60209_MTT_V0.4a\Debug\GetUAVPose.obj
E:\code\VS2010\60229_MTT_V0.8a\60209_MTT_V0.4a\Debug\GraphUtils.obj
E:\code\VS2010\60229_MTT_V0.8a\60209_MTT_V0.4a\Debug\HaarFeature.obj
E:\code\VS2010\60229_MTT_V0.8a\60209_MTT_V0.4a\Debug\HaarFeatures.obj
E:\code\VS2010\60229_MTT_V0.8a\60209_MTT_V0.4a\Debug\hist.obj
E:\code\VS2010\60229_MTT_V0.8a\60209_MTT_V0.4a\Debug\HistogramFeatures.obj
E:\CODE\VS2010\60229_MTT_V0.8A\60209_MTT_V0.4A\DEBUG\HUNGARIANALG.OBJ
E:\code\VS2010\60229_MTT_V0.8a\60209_MTT_V0.4a\Debug\ImageRep.obj
E:\CODE\VS2010\60229_MTT_V0.8A\60209_MTT_V0.4A\DEBUG\KALMAN.OBJ
E:\code\VS2010\60229_MTT_V0.8a\60209_MTT_V0.4a\Debug\kcftracker.obj
E:\code\VS2010\60229_MTT_V0.8a\60209_MTT_V0.4a\Debug\LaRank.obj
E:\code\VS2010\60229_MTT_V0.8a\60209_MTT_V0.4a\Debug\lbp.obj
E:\code\VS2010\60229_MTT_V0.8a\60209_MTT_V0.4a\Debug\link.1104.read.1.tlog
E:\code\VS2010\60229_MTT_V0.8a\60209_MTT_V0.4a\Debug\link.1104.write.1.tlog
E:\code\VS2010\60229_MTT_V0.8a\60209_MTT_V0.4a\Debug\link.1148.read.1.tlog
E:\code\VS2010\60229_MTT_V0.8a\60209_MTT_V0.4a\Debug\link.1148.write.1.tlog
E:\code\VS2010\60229_MTT_V0.8a\60209_MTT_V0.4a\Debug\link.1228.read.1.tlog
E:\code\VS2010\60229_MTT_V0.8a\60209_MTT_V0.4a\Debug\link.1228.write.1.tlog
E:\code\VS2010\60229_MTT_V0.8a\60209_MTT_V0.4a\Debug\link.2228.read.1.tlog
E:\code\VS2010\60229_MTT_V0.8a\60209_MTT_V0.4a\Debug\link.2228.write.1.tlog
E:\code\VS2010\60229_MTT_V0.8a\60209_MTT_V0.4a\Debug\link.2456.read.1.tlog
E:\code\VS2010\60229_MTT_V0.8a\60209_MTT_V0.4a\Debug\link.2456.write.1.tlog
E:\code\VS2010\60229_MTT_V0.8a\60209_MTT_V0.4a\Debug\link.2544.read.1.tlog
E:\code\VS2010\60229_MTT_V0.8a\60209_MTT_V0.4a\Debug\link.2544.write.1.tlog
E:\code\VS2010\60229_MTT_V0.8a\60209_MTT_V0.4a\Debug\link.3356.read.1.tlog
E:\code\VS2010\60229_MTT_V0.8a\60209_MTT_V0.4a\Debug\link.3356.write.1.tlog
E:\code\VS2010\60229_MTT_V0.8a\60209_MTT_V0.4a\Debug\link.3616.read.1.tlog
E:\code\VS2010\60229_MTT_V0.8a\60209_MTT_V0.4a\Debug\link.3616.write.1.tlog
E:\code\VS2010\60229_MTT_V0.8a\60209_MTT_V0.4a\Debug\link.3924.read.1.tlog
E:\code\VS2010\60229_MTT_V0.8a\60209_MTT_V0.4a\Debug\link.3924.write.1.tlog
E:\code\VS2010\60229_MTT_V0.8a\60209_MTT_V0.4a\Debug\link.4152.read.1.tlog
E:\code\VS2010\60229_MTT_V0.8a\60209_MTT_V0.4a\Debug\link.4152.write.1.tlog
E:\code\VS2010\60229_MTT_V0.8a\60209_MTT_V0.4a\Debug\link.4176.read.1.tlog
E:\code\VS2010\60229_MTT_V0.8a\60209_MTT_V0.4a\Debug\link.4176.write.1.tlog
E:\code\VS2010\60229_MTT_V0.8a\60209_MTT_V0.4a\Debug\link.4252.read.1.tlog
E:\code\VS2010\60229_MTT_V0.8a\60209_MTT_V0.4a\Debug\link.4252.write.1.tlog
E:\code\VS2010\60229_MTT_V0.8a\60209_MTT_V0.4a\Debug\link.4604.read.1.tlog
E:\code\VS2010\60229_MTT_V0.8a\60209_MTT_V0.4a\Debug\link.4604.write.1.tlog
E:\code\VS2010\60229_MTT_V0.8a\60209_MTT_V0.4a\Debug\link.4628.read.1.tlog
E:\code\VS2010\60229_MTT_V0.8a\60209_MTT_V0.4a\Debug\link.4628.write.1.tlog
E:\code\VS2010\60229_MTT_V0.8a\60209_MTT_V0.4a\Debug\link.4660.read.1.tlog
E:\code\VS2010\60229_MTT_V0.8a\60209_MTT_V0.4a\Debug\link.4660.write.1.tlog
E:\code\VS2010\60229_MTT_V0.8a\60209_MTT_V0.4a\Debug\link.4924.read.1.tlog
E:\code\VS2010\60229_MTT_V0.8a\60209_MTT_V0.4a\Debug\link.4924.write.1.tlog
E:\code\VS2010\60229_MTT_V0.8a\60209_MTT_V0.4a\Debug\link.5092.read.1.tlog
E:\code\VS2010\60229_MTT_V0.8a\60209_MTT_V0.4a\Debug\link.5092.write.1.tlog
E:\code\VS2010\60229_MTT_V0.8a\60209_MTT_V0.4a\Debug\link.5148.read.1.tlog
E:\code\VS2010\60229_MTT_V0.8a\60209_MTT_V0.4a\Debug\link.5148.write.1.tlog
E:\code\VS2010\60229_MTT_V0.8a\60209_MTT_V0.4a\Debug\link.5540.read.1.tlog
E:\code\VS2010\60229_MTT_V0.8a\60209_MTT_V0.4a\Debug\link.5540.write.1.tlog
E:\code\VS2010\60229_MTT_V0.8a\60209_MTT_V0.4a\Debug\link.5752.read.1.tlog
E:\code\VS2010\60229_MTT_V0.8a\60209_MTT_V0.4a\Debug\link.5752.write.1.tlog
E:\code\VS2010\60229_MTT_V0.8a\60209_MTT_V0.4a\Debug\link.5964.read.1.tlog
E:\code\VS2010\60229_MTT_V0.8a\60209_MTT_V0.4a\Debug\link.5964.write.1.tlog
E:\code\VS2010\60229_MTT_V0.8a\60209_MTT_V0.4a\Debug\link.6012.read.1.tlog
E:\code\VS2010\60229_MTT_V0.8a\60209_MTT_V0.4a\Debug\link.6012.write.1.tlog
E:\code\VS2010\60229_MTT_V0.8a\60209_MTT_V0.4a\Debug\link.6112.read.1.tlog
E:\code\VS2010\60229_MTT_V0.8a\60209_MTT_V0.4a\Debug\link.6112.write.1.tlog
E:\code\VS2010\60229_MTT_V0.8a\60209_MTT_V0.4a\Debug\link.6140.read.1.tlog
E:\code\VS2010\60229_MTT_V0.8a\60209_MTT_V0.4a\Debug\link.6140.write.1.tlog
E:\code\VS2010\60229_MTT_V0.8a\60209_MTT_V0.4a\Debug\link.6196.read.1.tlog
E:\code\VS2010\60229_MTT_V0.8a\60209_MTT_V0.4a\Debug\link.6196.write.1.tlog
E:\code\VS2010\60229_MTT_V0.8a\60209_MTT_V0.4a\Debug\link.6204.read.1.tlog
E:\code\VS2010\60229_MTT_V0.8a\60209_MTT_V0.4a\Debug\link.6204.write.1.tlog
E:\code\VS2010\60229_MTT_V0.8a\60209_MTT_V0.4a\Debug\link.6208.read.1.tlog
E:\code\VS2010\60229_MTT_V0.8a\60209_MTT_V0.4a\Debug\link.6208.write.1.tlog
E:\code\VS2010\60229_MTT_V0.8a\60209_MTT_V0.4a\Debug\link.6212.read.1.tlog
E:\code\VS2010\60229_MTT_V0.8a\60209_MTT_V0.4a\Debug\link.6212.write.1.tlog
E:\code\VS2010\60229_MTT_V0.8a\60209_MTT_V0.4a\Debug\link.6240.read.1.tlog
E:\code\VS2010\60229_MTT_V0.8a\60209_MTT_V0.4a\Debug\link.6240.write.1.tlog
E:\code\VS2010\60229_MTT_V0.8a\60209_MTT_V0.4a\Debug\link.6296.read.1.tlog
E:\code\VS2010\60229_MTT_V0.8a\60209_MTT_V0.4a\Debug\link.6296.write.1.tlog
E:\code\VS2010\60229_MTT_V0.8a\60209_MTT_V0.4a\Debug\link.6356.read.1.tlog
E:\code\VS2010\60229_MTT_V0.8a\60209_MTT_V0.4a\Debug\link.6356.write.1.tlog
E:\code\VS2010\60229_MTT_V0.8a\60209_MTT_V0.4a\Debug\link.6364.read.1.tlog
E:\code\VS2010\60229_MTT_V0.8a\60209_MTT_V0.4a\Debug\link.6364.write.1.tlog
E:\code\VS2010\60229_MTT_V0.8a\60209_MTT_V0.4a\Debug\link.6440.read.1.tlog
E:\code\VS2010\60229_MTT_V0.8a\60209_MTT_V0.4a\Debug\link.6440.write.1.tlog
E:\code\VS2010\60229_MTT_V0.8a\60209_MTT_V0.4a\Debug\link.6460.read.1.tlog
E:\code\VS2010\60229_MTT_V0.8a\60209_MTT_V0.4a\Debug\link.6460.write.1.tlog
E:\code\VS2010\60229_MTT_V0.8a\60209_MTT_V0.4a\Debug\link.6524.read.1.tlog
E:\code\VS2010\60229_MTT_V0.8a\60209_MTT_V0.4a\Debug\link.6524.write.1.tlog
E:\code\VS2010\60229_MTT_V0.8a\60209_MTT_V0.4a\Debug\link.6556.read.1.tlog
E:\code\VS2010\60229_MTT_V0.8a\60209_MTT_V0.4a\Debug\link.6556.write.1.tlog
E:\code\VS2010\60229_MTT_V0.8a\60209_MTT_V0.4a\Debug\link.6564.read.1.tlog
E:\code\VS2010\60229_MTT_V0.8a\60209_MTT_V0.4a\Debug\link.6564.write.1.tlog
E:\code\VS2010\60229_MTT_V0.8a\60209_MTT_V0.4a\Debug\link.6600.read.1.tlog
E:\code\VS2010\60229_MTT_V0.8a\60209_MTT_V0.4a\Debug\link.6600.write.1.tlog
E:\code\VS2010\60229_MTT_V0.8a\60209_MTT_V0.4a\Debug\link.6620.read.1.tlog
E:\code\VS2010\60229_MTT_V0.8a\60209_MTT_V0.4a\Debug\link.6620.write.1.tlog
E:\code\VS2010\60229_MTT_V0.8a\60209_MTT_V0.4a\Debug\link.6628.read.1.tlog
E:\code\VS2010\60229_MTT_V0.8a\60209_MTT_V0.4a\Debug\link.6628.write.1.tlog
E:\code\VS2010\60229_MTT_V0.8a\60209_MTT_V0.4a\Debug\link.6664.read.1.tlog
E:\code\VS2010\60229_MTT_V0.8a\60209_MTT_V0.4a\Debug\link.6664.write.1.tlog
E:\code\VS2010\60229_MTT_V0.8a\60209_MTT_V0.4a\Debug\link.6712.read.1.tlog
E:\code\VS2010\60229_MTT_V0.8a\60209_MTT_V0.4a\Debug\link.6712.write.1.tlog
E:\code\VS2010\60229_MTT_V0.8a\60209_MTT_V0.4a\Debug\link.6756.read.1.tlog
E:\code\VS2010\60229_MTT_V0.8a\60209_MTT_V0.4a\Debug\link.6756.write.1.tlog
E:\code\VS2010\60229_MTT_V0.8a\60209_MTT_V0.4a\Debug\link.6800.read.1.tlog
E:\code\VS2010\60229_MTT_V0.8a\60209_MTT_V0.4a\Debug\link.6800.write.1.tlog
E:\code\VS2010\60229_MTT_V0.8a\60209_MTT_V0.4a\Debug\link.6864.read.1.tlog
E:\code\VS2010\60229_MTT_V0.8a\60209_MTT_V0.4a\Debug\link.6864.write.1.tlog
E:\code\VS2010\60229_MTT_V0.8a\60209_MTT_V0.4a\Debug\link.6888.read.1.tlog
E:\code\VS2010\60229_MTT_V0.8a\60209_MTT_V0.4a\Debug\link.6888.write.1.tlog
E:\code\VS2010\60229_MTT_V0.8a\60209_MTT_V0.4a\Debug\link.6916.read.1.tlog
E:\code\VS2010\60229_MTT_V0.8a\60209_MTT_V0.4a\Debug\link.6916.write.1.tlog
E:\code\VS2010\60229_MTT_V0.8a\60209_MTT_V0.4a\Debug\link.6960.read.1.tlog
E:\code\VS2010\60229_MTT_V0.8a\60209_MTT_V0.4a\Debug\link.6960.write.1.tlog
E:\code\VS2010\60229_MTT_V0.8a\60209_MTT_V0.4a\Debug\link.6976.read.1.tlog
E:\code\VS2010\60229_MTT_V0.8a\60209_MTT_V0.4a\Debug\link.6976.write.1.tlog
E:\code\VS2010\60229_MTT_V0.8a\60209_MTT_V0.4a\Debug\link.6992.read.1.tlog
E:\code\VS2010\60229_MTT_V0.8a\60209_MTT_V0.4a\Debug\link.6992.write.1.tlog
E:\code\VS2010\60229_MTT_V0.8a\60209_MTT_V0.4a\Debug\link.7004.read.1.tlog
E:\code\VS2010\60229_MTT_V0.8a\60209_MTT_V0.4a\Debug\link.7004.write.1.tlog
E:\code\VS2010\60229_MTT_V0.8a\60209_MTT_V0.4a\Debug\link.7032.read.1.tlog
E:\code\VS2010\60229_MTT_V0.8a\60209_MTT_V0.4a\Debug\link.7032.write.1.tlog
E:\code\VS2010\60229_MTT_V0.8a\60209_MTT_V0.4a\Debug\link.7060.read.1.tlog
E:\code\VS2010\60229_MTT_V0.8a\60209_MTT_V0.4a\Debug\link.7060.write.1.tlog
E:\code\VS2010\60229_MTT_V0.8a\60209_MTT_V0.4a\Debug\link.7108.read.1.tlog
E:\code\VS2010\60229_MTT_V0.8a\60209_MTT_V0.4a\Debug\link.7108.write.1.tlog
E:\code\VS2010\60229_MTT_V0.8a\60209_MTT_V0.4a\Debug\link.7112.read.1.tlog
E:\code\VS2010\60229_MTT_V0.8a\60209_MTT_V0.4a\Debug\link.7112.write.1.tlog
E:\code\VS2010\60229_MTT_V0.8a\60209_MTT_V0.4a\Debug\link.7320.read.1.tlog
E:\code\VS2010\60229_MTT_V0.8a\60209_MTT_V0.4a\Debug\link.7320.write.1.tlog
E:\code\VS2010\60229_MTT_V0.8a\60209_MTT_V0.4a\Debug\link.7768.read.1.tlog
E:\code\VS2010\60229_MTT_V0.8a\60209_MTT_V0.4a\Debug\link.7768.write.1.tlog
E:\code\VS2010\60229_MTT_V0.8a\60209_MTT_V0.4a\Debug\link.7808.read.1.tlog
E:\code\VS2010\60229_MTT_V0.8a\60209_MTT_V0.4a\Debug\link.7808.write.1.tlog
E:\code\VS2010\60229_MTT_V0.8a\60209_MTT_V0.4a\Debug\link.7856.read.1.tlog
E:\code\VS2010\60229_MTT_V0.8a\60209_MTT_V0.4a\Debug\link.7856.write.1.tlog
E:\code\VS2010\60229_MTT_V0.8a\60209_MTT_V0.4a\Debug\link.8092.read.1.tlog
E:\code\VS2010\60229_MTT_V0.8a\60209_MTT_V0.4a\Debug\link.8092.write.1.tlog
E:\code\VS2010\60229_MTT_V0.8a\60209_MTT_V0.4a\Debug\link.952.read.1.tlog
E:\code\VS2010\60229_MTT_V0.8a\60209_MTT_V0.4a\Debug\link.952.write.1.tlog
E:\code\VS2010\60229_MTT_V0.8a\60209_MTT_V0.4a\Debug\link.command.1.tlog
E:\code\VS2010\60229_MTT_V0.8a\60209_MTT_V0.4a\Debug\link.read.1.tlog
E:\code\VS2010\60229_MTT_V0.8a\60209_MTT_V0.4a\Debug\link.write.1.tlog
E:\code\VS2010\60229_MTT_V0.8a\60209_MTT_V0.4a\Debug\main.obj
E:\code\VS2010\60229_MTT_V0.8a\60209_MTT_V0.4a\Debug\mainwindow.obj
E:\code\VS2010\60229_MTT_V0.8a\60209_MTT_V0.4a\Debug\Mat2QImage.obj
E:\CODE\VS2010\60229_MTT_V0.8A\60209_MTT_V0.4A\DEBUG\MOC_COOPLOCATIONWIDGET.OBJ
E:\CODE\VS2010\60229_MTT_V0.8A\60209_MTT_V0.4A\DEBUG\MOC_COOPLOCATOINPROCESSOR.OBJ
E:\CODE\VS2010\60229_MTT_V0.8A\60209_MTT_V0.4A\DEBUG\MOC_DRAWRECTWND.OBJ
E:\CODE\VS2010\60229_MTT_V0.8A\60209_MTT_V0.4A\DEBUG\MOC_MAINWINDOW.OBJ
E:\CODE\VS2010\60229_MTT_V0.8A\60209_MTT_V0.4A\DEBUG\MOC_MOTIONDETECTIONWIDGET.OBJ
E:\CODE\VS2010\60229_MTT_V0.8A\60209_MTT_V0.4A\DEBUG\MOC_MULTILOCATIONWIDGET.OBJ
E:\CODE\VS2010\60229_MTT_V0.8A\60209_MTT_V0.4A\DEBUG\MOC_MULTITRACKINGWIDGET.OBJ
E:\CODE\VS2010\60229_MTT_V0.8A\60209_MTT_V0.4A\DEBUG\MOC_PARAMWIDGET.OBJ
E:\CODE\VS2010\60229_MTT_V0.8A\60209_MTT_V0.4A\DEBUG\MOC_QMAPVIEW.OBJ
E:\CODE\VS2010\60229_MTT_V0.8A\60209_MTT_V0.4A\DEBUG\MOC_QSHOWLABEL.OBJ
E:\CODE\VS2010\60229_MTT_V0.8A\60209_MTT_V0.4A\DEBUG\MOC_QVIDEOPROCESSOR.OBJ
E:\CODE\VS2010\60229_MTT_V0.8A\60209_MTT_V0.4A\DEBUG\MOC_TARGETLOCATIONWIDGET.OBJ
E:\code\VS2010\60229_MTT_V0.8a\60209_MTT_V0.4a\Debug\moc_targetrecognitionwidget.obj
E:\code\VS2010\60229_MTT_V0.8a\60209_MTT_V0.4a\Debug\moc_targettrackingwidget.obj
E:\code\VS2010\60229_MTT_V0.8a\60209_MTT_V0.4a\Debug\MonoLocationProcessor.obj
E:\code\VS2010\60229_MTT_V0.8a\60209_MTT_V0.4a\Debug\MotionDetect.obj
E:\code\VS2010\60229_MTT_V0.8a\60209_MTT_V0.4a\Debug\MotionDetectionProcessor.obj
E:\code\VS2010\60229_MTT_V0.8a\60209_MTT_V0.4a\Debug\motiondetectionwidget.obj
E:\code\VS2010\60229_MTT_V0.8a\60209_MTT_V0.4a\Debug\mt.command.1.tlog
E:\code\VS2010\60229_MTT_V0.8a\60209_MTT_V0.4a\Debug\mt.read.1.tlog
E:\code\VS2010\60229_MTT_V0.8a\60209_MTT_V0.4a\Debug\mt.write.1.tlog
E:\code\VS2010\60229_MTT_V0.8a\60209_MTT_V0.4a\Debug\MTT_V0.7a.exe.intermediate.manifest
E:\code\VS2010\60229_MTT_V0.8a\60209_MTT_V0.4a\Debug\MTT_V0.7a.write.1.tlog
E:\code\VS2010\60229_MTT_V0.8a\60209_MTT_V0.4a\Debug\MultiFeatures.obj
E:\code\VS2010\60229_MTT_V0.8a\60209_MTT_V0.4a\Debug\MultiTargetTracker.obj
E:\code\VS2010\60229_MTT_V0.8a\60209_MTT_V0.4a\Debug\MultiTrackingProcessor.obj
E:\code\VS2010\60229_MTT_V0.8a\60209_MTT_V0.4a\Debug\multitrackingwidget.obj
E:\CODE\VS2010\60229_MTT_V0.8A\60209_MTT_V0.4A\DEBUG\MYDETECTOR.OBJ
E:\code\VS2010\60229_MTT_V0.8a\60209_MTT_V0.4a\Debug\MyHash.obj
E:\code\VS2010\60229_MTT_V0.8a\60209_MTT_V0.4a\Debug\MyKCFTracker.obj
E:\code\VS2010\60229_MTT_V0.8a\60209_MTT_V0.4a\Debug\MyMD.obj
E:\code\VS2010\60229_MTT_V0.8a\60209_MTT_V0.4a\Debug\MyParticleFilter.obj
E:\code\VS2010\60229_MTT_V0.8a\60209_MTT_V0.4a\Debug\mySTCTracker.obj
E:\code\VS2010\60229_MTT_V0.8a\60209_MTT_V0.4a\Debug\myStruck.obj
E:\code\VS2010\60229_MTT_V0.8a\60209_MTT_V0.4a\Debug\MyTracker.obj
E:\code\VS2010\60229_MTT_V0.8a\60209_MTT_V0.4a\Debug\MyUavVO.obj
E:\code\VS2010\60229_MTT_V0.8a\60209_MTT_V0.4a\Debug\paramwidget.obj
E:\code\VS2010\60229_MTT_V0.8a\60209_MTT_V0.4a\Debug\QMapView.obj
E:\code\VS2010\60229_MTT_V0.8a\60209_MTT_V0.4a\Debug\qrc_mainwindow.obj
E:\code\VS2010\60229_MTT_V0.8a\60209_MTT_V0.4a\Debug\qshowlabel.obj
E:\code\VS2010\60229_MTT_V0.8a\60209_MTT_V0.4a\Debug\QVideoProcessor.obj
E:\code\VS2010\60229_MTT_V0.8a\60209_MTT_V0.4a\Debug\RawFeatures.obj
E:\code\VS2010\60229_MTT_V0.8a\60209_MTT_V0.4a\Debug\Sampler.obj
E:\code\VS2010\60229_MTT_V0.8a\60209_MTT_V0.4a\Debug\selector.obj
E:\code\VS2010\60229_MTT_V0.8a\60209_MTT_V0.4a\Debug\targetlocationwidget.obj
E:\code\VS2010\60229_MTT_V0.8a\60209_MTT_V0.4a\Debug\targetrecognitionwidget.obj
E:\code\VS2010\60229_MTT_V0.8a\60209_MTT_V0.4a\Debug\TargetRecongnitionProcessor.obj
E:\code\VS2010\60229_MTT_V0.8a\60209_MTT_V0.4a\Debug\targettrackingwidget.obj
E:\code\VS2010\60229_MTT_V0.8a\60209_MTT_V0.4a\Debug\TimeOfDay.obj
E:\code\VS2010\60229_MTT_V0.8a\60209_MTT_V0.4a\Debug\Tracker.obj
E:\code\VS2010\60229_MTT_V0.8a\60209_MTT_V0.4a\Debug\trackProcessor.obj
E:\code\VS2010\60229_MTT_V0.8a\60209_MTT_V0.4a\Debug\TrajectoryManager.obj
E:\CODE\VS2010\60229_MTT_V0.8A\60209_MTT_V0.4A\DEBUG\VC100.PDB
E:\code\VS2010\60229_MTT_V0.8a\60209_MTT_V0.4a\Debug\VideoProcessor.obj
E:\code\VS2010\60229_MTT_V0.8a\60209_MTT_V0.4a\Debug\VisionLocalization.obj
E:\CODE\VS2010\60229_MTT_V0.8A\60209_MTT_V0.4A\GENERATEDFILES\DEBUG\MOC_COOPLOCATIONWIDGET.CPP
E:\CODE\VS2010\60229_MTT_V0.8A\60209_MTT_V0.4A\GENERATEDFILES\DEBUG\MOC_COOPLOCATOINPROCESSOR.CPP
E:\CODE\VS2010\60229_MTT_V0.8A\60209_MTT_V0.4A\GENERATEDFILES\DEBUG\MOC_DRAWRECTWND.CPP
E:\CODE\VS2010\60229_MTT_V0.8A\60209_MTT_V0.4A\GENERATEDFILES\DEBUG\MOC_MAINWINDOW.CPP
E:\CODE\VS2010\60229_MTT_V0.8A\60209_MTT_V0.4A\GENERATEDFILES\DEBUG\MOC_MOTIONDETECTIONWIDGET.CPP
E:\CODE\VS2010\60229_MTT_V0.8A\60209_MTT_V0.4A\GENERATEDFILES\DEBUG\MOC_MULTILOCATIONWIDGET.CPP
E:\CODE\VS2010\60229_MTT_V0.8A\60209_MTT_V0.4A\GENERATEDFILES\DEBUG\MOC_MULTITRACKINGWIDGET.CPP
E:\CODE\VS2010\60229_MTT_V0.8A\60209_MTT_V0.4A\GENERATEDFILES\DEBUG\MOC_PARAMWIDGET.CPP
E:\CODE\VS2010\60229_MTT_V0.8A\60209_MTT_V0.4A\GENERATEDFILES\DEBUG\MOC_QMAPVIEW.CPP
E:\CODE\VS2010\60229_MTT_V0.8A\60209_MTT_V0.4A\GENERATEDFILES\DEBUG\MOC_QSHOWLABEL.CPP
E:\CODE\VS2010\60229_MTT_V0.8A\60209_MTT_V0.4A\GENERATEDFILES\DEBUG\MOC_QVIDEOPROCESSOR.CPP
E:\CODE\VS2010\60229_MTT_V0.8A\60209_MTT_V0.4A\GENERATEDFILES\DEBUG\MOC_TARGETLOCATIONWIDGET.CPP
E:\CODE\VS2010\60229_MTT_V0.8A\60209_MTT_V0.4A\GENERATEDFILES\DEBUG\MOC_TARGETRECOGNITIONWIDGET.CPP
E:\CODE\VS2010\60229_MTT_V0.8A\60209_MTT_V0.4A\GENERATEDFILES\DEBUG\MOC_TARGETTRACKINGWIDGET.CPP
E:\CODE\VS2010\60229_MTT_V0.8A\60209_MTT_V0.4A\GENERATEDFILES\QRC_MAINWINDOW.CPP
E:\CODE\VS2010\60229_MTT_V0.8A\60209_MTT_V0.4A\GENERATEDFILES\UI_COOPLOCATIONWIDGET.H
E:\CODE\VS2010\60229_MTT_V0.8A\60209_MTT_V0.4A\GENERATEDFILES\UI_DRAWRECTWND.H
E:\CODE\VS2010\60229_MTT_V0.8A\60209_MTT_V0.4A\GENERATEDFILES\UI_MAINWINDOW.H
E:\CODE\VS2010\60229_MTT_V0.8A\60209_MTT_V0.4A\GENERATEDFILES\UI_MOTIONDETECTIONWIDGET.H
E:\CODE\VS2010\60229_MTT_V0.8A\60209_MTT_V0.4A\GENERATEDFILES\UI_MULTILOCATIONWIDGET.H
E:\CODE\VS2010\60229_MTT_V0.8A\60209_MTT_V0.4A\GENERATEDFILES\UI_MULTITRACKINGWIDGET.H
E:\CODE\VS2010\60229_MTT_V0.8A\60209_MTT_V0.4A\GENERATEDFILES\UI_PARAMWIDGET.H
E:\CODE\VS2010\60229_MTT_V0.8A\60209_MTT_V0.4A\GENERATEDFILES\UI_TARGETLOCATIONWIDGET.H
E:\CODE\VS2010\60229_MTT_V0.8A\60209_MTT_V0.4A\GENERATEDFILES\UI_TARGETRECOGNITIONWIDGET.H
E:\CODE\VS2010\60229_MTT_V0.8A\60209_MTT_V0.4A\GENERATEDFILES\UI_TARGETTRACKINGWIDGET.H
E:\code\VS2010\60229_MTT_V0.8a\Win32\Debug\MTT_V0.7a.exe
E:\code\VS2010\60229_MTT_V0.8a\Win32\Debug\MTT_V0.7a.ilk
E:\code\VS2010\60229_MTT_V0.8a\Win32\Debug\MTT_V0.7a.pdb
