生成启动时间为 2016/8/4 11:17:30。
     1>项目“E:\code\VS2010\60229_MTT_V0.8a\60209_MTT_V0.4a\60209_MTT_V0.vcxproj”在节点 2 上(build 个目标)。
     1>InitializeBuildStatus:
         正在创建“Release\MTT_V0.8a.unsuccessfulbuild”，因为已指定“AlwaysCreate”。
       CustomBuild:
         所有输出均为最新。
       ClCompile:
         D:\Program Files (x86)\VS2010\VC\bin\CL.exe /c /I.\MapView /I.\ShowLabel /I.\GeneratedFiles /I. /ID:\WORK\Qt5.20\5.2.0\msvc2010\include /I.\GeneratedFiles\Release /ID:\WORK\Qt5.20\5.2.0\msvc2010\include\QtCore /ID:\WORK\Qt5.20\5.2.0\msvc2010\include\QtGui /ID:\WORK\Qt5.20\5.2.0\msvc2010\include\QtWidgets /I.\Tracker\KCF /I.\GUI /nologo /W1 /WX- /O2 /Oy- /D UNICODE /D WIN32 /D WIN64 /D QT_DLL /D QT_NO_DEBUG /D NDEBUG /D QT_CORE_LIB /D QT_GUI_LIB /D QT_WIDGETS_LIB /Gm- /EHsc /MD /GS /fp:precise /Zc:wchar_t /Zc:forScope /Fo"Release\\" /Fd"Release\vc100.pdb" /Gd /TP /analyze- /errorReport:prompt GUI\multitrackingwidget.cpp process\MultiTrackingProcessor.cpp
         multitrackingwidget.cpp
         MultiTrackingProcessor.cpp
     1>e:\code\vs2010\60229_mtt_v0.8a\60209_mtt_v0.4a\multitargettracker\../myUAVMonoVO/MyUavVO.h(41): warning C4355: “this”: 用于基成员初始值设定项列表
         正在生成代码...
         所有输出均为最新。
       Link:
         D:\Program Files (x86)\VS2010\VC\bin\link.exe /ERRORREPORT:PROMPT /OUT:"E:\code\VS2010\60229_MTT_V0.8a\Win32\Release\\MTT_V0.8a.exe" /NOLOGO /LIBPATH:D:\WORK\Qt5.20\5.2.0\msvc2010\lib qtmain.lib Qt5Core.lib Qt5Gui.lib Qt5Widgets.lib getopt.lib opencv_calib3d248.lib opencv_contrib248.lib opencv_core248.lib opencv_features2d248.lib opencv_flann248.lib opencv_gpu248.lib opencv_highgui248.lib opencv_imgproc248.lib opencv_legacy248.lib opencv_ml248.lib opencv_nonfree248.lib opencv_objdetect248.lib opencv_photo248.lib opencv_stitching248.lib opencv_video248.lib opencv_videostab248.lib kernel32.lib user32.lib gdi32.lib winspool.lib comdlg32.lib advapi32.lib shell32.lib ole32.lib oleaut32.lib uuid.lib odbc32.lib odbccp32.lib /MANIFEST /ManifestFile:"Release\MTT_V0.8a.exe.intermediate.manifest" /MANIFESTUAC:"level='asInvoker' uiAccess='false'" /PDB:"E:\code\VS2010\60229_MTT_V0.8a\Win32\Release\MTT_V0.8a.pdb" /SUBSYSTEM:WINDOWS /TLBID:1 /DYNAMICBASE /NXCOMPAT /IMPLIB:"E:\code\VS2010\60229_MTT_V0.8a\Win32\Release\MTT_V0.8a.lib" /MACHINE:X86 Release\CooperativeLocalization.obj
         Release\moc_CDrawRectWnd.obj
         Release\moc_CoopLocatoinProcessor.obj
         Release\moc_CParamWidget.obj
         Release\moc_multilocationwidget.obj
         Release\multilocationwidget.obj
         Release\CoopLocatoinProcessor.obj
         Release\cooplocationwidget.obj
         Release\DataAssociation.obj
         Release\HungarianAlg.obj
         Release\Kalman.obj
         Release\CMyDetector.obj
         Release\qrc_mainwindow.obj
         Release\moc_cooplocationwidget.obj
         Release\moc_mainwindow.obj
         Release\moc_motiondetectionwidget.obj
         Release\moc_multitrackingwidget.obj
         Release\moc_QMapView.obj
         Release\moc_qshowlabel.obj
         Release\moc_qvideoprocessor.obj
         Release\moc_targetlocationwidget.obj
         Release\moc_targetrecognitionwidget.obj
         Release\moc_targettrackingwidget.obj
         Release\CDrawRectWnd.obj
         Release\mainwindow.obj
         Release\motiondetectionwidget.obj
         Release\CParamWidget.obj
         Release\targetlocationwidget.obj
         Release\targetrecognitionwidget.obj
         Release\targettrackingwidget.obj
         Release\main.obj
         Release\QMapView.obj
         Release\Mat2QImage.obj
         Release\FrameCalibration.obj
         Release\FramePreprocess.obj
         Release\MotionDetect.obj
         Release\MyMD.obj
         Release\multitrackingwidget.obj
         Release\MultiTargetTracker.obj
         Release\MultiLocationProcessor.obj
         Release\MultiTrackingProcessor.obj
         Release\GetTargetPosition.obj
         Release\GetUAVPose.obj
         Release\MyUavVO.obj
         Release\VisionLocalization.obj
         Release\MonoLocationProcessor.obj
         Release\MotionDetectionProcessor.obj
         Release\TargetRecongnitionProcessor.obj
         Release\trackProcessor.obj
         Release\qshowlabel.obj
         Release\CompressiveTracker.obj
         Release\MyHash.obj
         Release\fhog.obj
         Release\kcftracker.obj
         Release\MyKCFTracker.obj
         Release\MyTracker.obj
         Release\condens.obj
         Release\filter.obj
         Release\hist.obj
         Release\lbp.obj
         Release\MyParticleFilter.obj
         Release\selector.obj
         Release\TimeOfDay.obj
         Release\mySTCTracker.obj
         Release\Config.obj
         Release\Features.obj
         Release\GraphUtils.obj
         Release\HaarFeature.obj
         Release\HaarFeatures.obj
         Release\HistogramFeatures.obj
         Release\ImageRep.obj
         Release\LaRank.obj
         Release\MultiFeatures.obj
         Release\myStruck.obj
         Release\RawFeatures.obj
         Release\Sampler.obj
         Release\Tracker.obj
         Release\TrajectoryManager.obj
         Release\QVideoProcessor.obj
         Release\VideoProcessor.obj
         getopt.lib(getopt.obj) : 找到 MSIL .netmodule 或使用 /GL 编译的模块；正在使用 /LTCG 重新启动链接；将 /LTCG 添加到链接命令行以改进链接器性能
         正在生成代码
         已完成代码的生成
         60209_MTT_V0.vcxproj -> E:\code\VS2010\60229_MTT_V0.8a\Win32\Release\MTT_V0.8a.exe
       Manifest:
         C:\Program Files (x86)\Microsoft SDKs\Windows\v7.0A\bin\mt.exe /nologo /verbose /outputresource:"E:\code\VS2010\60229_MTT_V0.8a\Win32\Release\\MTT_V0.8a.exe;#1" /manifest Release\MTT_V0.8a.exe.intermediate.manifest
       FinalizeBuildStatus:
         正在删除文件“Release\MTT_V0.8a.unsuccessfulbuild”。
         正在对“Release\MTT_V0.8a.lastbuildstate”执行 Touch 任务。
     1>已完成生成项目“E:\code\VS2010\60229_MTT_V0.8a\60209_MTT_V0.4a\60209_MTT_V0.vcxproj”(build 个目标)的操作。

生成成功。

已用时间 00:00:09.61
